#
# There is insufficient memory for the Java Runtime Environment to continue.
# Native memory allocation (mmap) failed to map 402653184 bytes for G1 virtual space
# Possible reasons:
#   The system is out of physical RAM or swap space
#   The process is running with CompressedOops enabled, and the Java Heap may be blocking the growth of the native heap
# Possible solutions:
#   Reduce memory load on the system
#   Increase physical memory or swap space
#   Check if swap backing store is full
#   Decrease Java heap size (-Xmx/-Xms)
#   Decrease number of Java threads
#   Decrease Java thread stack sizes (-Xss)
#   Set larger code cache with -XX:ReservedCodeCacheSize=
#   JVM is running with Zero Based Compressed Oops mode in which the Java heap is
#     placed in the first 32GB address space. The Java Heap base address is the
#     maximum limit for the native heap growth. Please use -XX:HeapBaseMinAddress
#     to set the Java Heap base and to place the Java Heap above 32GB virtual address.
# This output file may be truncated or incomplete.
#
#  Out of Memory Error (os_windows.cpp:3559), pid=11136, tid=34668
#
# JRE version:  (17.0.7+7) (build )
# Java VM: OpenJDK 64-Bit Server VM (17.0.7+7-LTS, mixed mode, sharing, tiered, compressed oops, compressed class ptrs, g1 gc, windows-amd64)
# No core dump will be written. Minidumps are not enabled by default on client versions of Windows
#

---------------  S U M M A R Y ------------

Command Line: -Dnet.bytebuddy.agent.attacher.dump= net.bytebuddy.agent.Attacher com.sun.tools.attach.VirtualMachine 34232 C:\Users\feluz\.m2\repository\net\bytebuddy\byte-buddy-agent\1.14.4\byte-buddy-agent-1.14.4.jar false 

Host: 11th Gen Intel(R) Core(TM) i5-11400H @ 2.70GHz, 12 cores, 23G,  Windows 11 , 64 bit Build 22621 (10.0.22621.1778)
Time: Tue Jun 20 08:13:58 2023 Hora oficial do Brasil elapsed time: 0.009658 seconds (0d 0h 0m 0s)

---------------  T H R E A D  ---------------

Current thread (0x000001d7a4b0fd40):  JavaThread "Unknown thread" [_thread_in_vm, id=34668, stack(0x000000c949a00000,0x000000c949b00000)]

Stack: [0x000000c949a00000,0x000000c949b00000]
Native frames: (J=compiled Java code, j=interpreted, Vv=VM code, C=native code)
V  [jvm.dll+0x64b53a]
V  [jvm.dll+0x7fef54]
V  [jvm.dll+0x80070e]
V  [jvm.dll+0x800d63]
V  [jvm.dll+0x236a2b]
V  [jvm.dll+0x64843a]
V  [jvm.dll+0x63ce8a]
V  [jvm.dll+0x2f5629]
V  [jvm.dll+0x2fc826]
V  [jvm.dll+0x348eea]
V  [jvm.dll+0x34912f]
V  [jvm.dll+0x2cb9a8]
V  [jvm.dll+0x2cc939]
V  [jvm.dll+0x7d2cd1]
V  [jvm.dll+0x3563c1]
V  [jvm.dll+0x7b32ae]
V  [jvm.dll+0x3d38d3]
V  [jvm.dll+0x3d52c1]
C  [jli.dll+0x51bf]
C  [ucrtbase.dll+0x29363]
C  [KERNEL32.DLL+0x126ad]
C  [ntdll.dll+0x5a9f8]


---------------  P R O C E S S  ---------------

Threads class SMR info:
_java_thread_list=0x00007ff996c6c858, length=0, elements={
}

Java Threads: ( => current thread )

Other Threads:
  0x000001d7a4b99150 GCTaskThread "GC Thread#0" [stack: 0x000000c949b00000,0x000000c949c00000] [id=22012]
  0x000001d7a4ba6040 ConcurrentGCThread "G1 Main Marker" [stack: 0x000000c949c00000,0x000000c949d00000] [id=9556]
  0x000001d7a4ba7290 ConcurrentGCThread "G1 Conc#0" [stack: 0x000000c949d00000,0x000000c949e00000] [id=18008]

[error occurred during error reporting (printing all threads), id 0xc0000005, EXCEPTION_ACCESS_VIOLATION (0xc0000005) at pc=0x00007ff99645cc47]

VM state: not at safepoint (not fully initialized)

VM Mutex/Monitor currently owned by a thread:  ([mutex/lock_event])
[0x000001d7a4b0acb0] Heap_lock - owner thread: 0x000001d7a4b0fd40

Heap address: 0x0000000683400000, size: 6092 MB, Compressed Oops mode: Zero based, Oop shift amount: 3

CDS archive(s) mapped at: [0x0000000000000000-0x0000000000000000-0x0000000000000000), size 0, SharedBaseAddress: 0x0000000800000000, ArchiveRelocationMode: 0.
Narrow klass base: 0x0000000000000000, Narrow klass shift: 0, Narrow klass range: 0x0

GC Precious Log:
<Empty>

Heap:
 garbage-first heap   total 0K, used 0K [0x0000000683400000, 0x0000000800000000)
  region size 4096K, 0 young (0K), 0 survivors (0K)

[error occurred during error reporting (printing heap information), id 0xc0000005, EXCEPTION_ACCESS_VIOLATION (0xc0000005) at pc=0x00007ff996823419]

GC Heap History (0 events):
No events

Dll operation events (1 events):
Event: 0.005 Loaded shared library C:\Users\feluz\.jdks\corretto-17.0.7\bin\java.dll

Deoptimization events (0 events):
No events

Classes unloaded (0 events):
No events

Classes redefined (0 events):
No events

Internal exceptions (0 events):
No events

VM Operations (0 events):
No events

Events (0 events):
No events


Dynamic libraries:
0x00007ff64a4a0000 - 0x00007ff64a4ad000 	C:\Users\feluz\.jdks\corretto-17.0.7\bin\java.exe
0x00007ffa2f230000 - 0x00007ffa2f444000 	C:\Windows\SYSTEM32\ntdll.dll
0x00007ffa2d0f0000 - 0x00007ffa2d1b2000 	C:\Windows\System32\KERNEL32.DLL
0x00007ffa2cc60000 - 0x00007ffa2d003000 	C:\Windows\System32\KERNELBASE.dll
0x00007ffa2c750000 - 0x00007ffa2c861000 	C:\Windows\System32\ucrtbase.dll
0x00007ffa17eb0000 - 0x00007ffa17ec7000 	C:\Users\feluz\.jdks\corretto-17.0.7\bin\jli.dll
0x00007ffa18b10000 - 0x00007ffa18b25000 	C:\Users\feluz\.jdks\corretto-17.0.7\bin\VCRUNTIME140.dll
0x00007ffa2e620000 - 0x00007ffa2e7cb000 	C:\Windows\System32\USER32.dll
0x00007ffa2c6a0000 - 0x00007ffa2c6c6000 	C:\Windows\System32\win32u.dll
0x00007ffa141e0000 - 0x00007ffa1446e000 	C:\Windows\WinSxS\amd64_microsoft.windows.common-controls_6595b64144ccf1df_6.0.22621.1635_none_270f70857386168e\COMCTL32.dll
0x00007ffa2e880000 - 0x00007ffa2e8a9000 	C:\Windows\System32\GDI32.dll
0x00007ffa2e0a0000 - 0x00007ffa2e147000 	C:\Windows\System32\msvcrt.dll
0x00007ffa2c870000 - 0x00007ffa2c989000 	C:\Windows\System32\gdi32full.dll
0x00007ffa2c990000 - 0x00007ffa2ca2a000 	C:\Windows\System32\msvcp_win.dll
0x00007ffa2d090000 - 0x00007ffa2d0c1000 	C:\Windows\System32\IMM32.DLL
0x00007ffa15ed0000 - 0x00007ffa15f6b000 	C:\Users\feluz\.jdks\corretto-17.0.7\bin\msvcp140.dll
0x00007ff996180000 - 0x00007ff996d9a000 	C:\Users\feluz\.jdks\corretto-17.0.7\bin\server\jvm.dll
0x00007ffa2e2e0000 - 0x00007ffa2e38e000 	C:\Windows\System32\ADVAPI32.dll
0x00007ffa2e7d0000 - 0x00007ffa2e874000 	C:\Windows\System32\sechost.dll
0x00007ffa2f050000 - 0x00007ffa2f167000 	C:\Windows\System32\RPCRT4.dll
0x00007ffa21920000 - 0x00007ffa21954000 	C:\Windows\SYSTEM32\WINMM.dll
0x00007ffa1e880000 - 0x00007ffa1e889000 	C:\Windows\SYSTEM32\WSOCK32.dll
0x00007ffa2b2d0000 - 0x00007ffa2b2da000 	C:\Windows\SYSTEM32\VERSION.dll
0x00007ffa2f170000 - 0x00007ffa2f1e1000 	C:\Windows\System32\WS2_32.dll
0x00007ffa2b730000 - 0x00007ffa2b748000 	C:\Windows\SYSTEM32\kernel.appcore.dll
0x00007ffa18b90000 - 0x00007ffa18b9a000 	C:\Users\feluz\.jdks\corretto-17.0.7\bin\jimage.dll
0x00007ffa29d30000 - 0x00007ffa29f5e000 	C:\Windows\SYSTEM32\DBGHELP.DLL
0x00007ffa2d1c0000 - 0x00007ffa2d549000 	C:\Windows\System32\combase.dll
0x00007ffa2e8b0000 - 0x00007ffa2e987000 	C:\Windows\System32\OLEAUT32.dll
0x00007ffa0f870000 - 0x00007ffa0f8a2000 	C:\Windows\SYSTEM32\dbgcore.DLL
0x00007ffa2c6d0000 - 0x00007ffa2c74b000 	C:\Windows\System32\bcryptPrimitives.dll
0x00007ffa18750000 - 0x00007ffa18775000 	C:\Users\feluz\.jdks\corretto-17.0.7\bin\java.dll

dbghelp: loaded successfully - version: 4.0.5 - missing functions: none
symbol engine: initialized successfully - sym options: 0x614 - pdb path: .;C:\Users\feluz\.jdks\corretto-17.0.7\bin;C:\Windows\SYSTEM32;C:\Windows\WinSxS\amd64_microsoft.windows.common-controls_6595b64144ccf1df_6.0.22621.1635_none_270f70857386168e;C:\Users\feluz\.jdks\corretto-17.0.7\bin\server

VM Arguments:
jvm_args: -Dnet.bytebuddy.agent.attacher.dump= 
java_command: net.bytebuddy.agent.Attacher com.sun.tools.attach.VirtualMachine 34232 C:\Users\feluz\.m2\repository\net\bytebuddy\byte-buddy-agent\1.14.4\byte-buddy-agent-1.14.4.jar false 
java_class_path (initial): C:\Users\feluz\.m2\repository\net\bytebuddy\byte-buddy-agent\1.14.4\byte-buddy-agent-1.14.4.jar
Launcher Type: SUN_STANDARD

[Global flags]
     intx CICompilerCount                          = 4                                         {product} {ergonomic}
     uint ConcGCThreads                            = 3                                         {product} {ergonomic}
     uint G1ConcRefinementThreads                  = 10                                        {product} {ergonomic}
   size_t G1HeapRegionSize                         = 4194304                                   {product} {ergonomic}
    uintx GCDrainStackTargetSize                   = 64                                        {product} {ergonomic}
   size_t InitialHeapSize                          = 402653184                                 {product} {ergonomic}
   size_t MarkStackSize                            = 4194304                                   {product} {ergonomic}
   size_t MaxHeapSize                              = 6387924992                                {product} {ergonomic}
   size_t MinHeapDeltaBytes                        = 4194304                                   {product} {ergonomic}
   size_t MinHeapSize                              = 8388608                                   {product} {ergonomic}
    uintx NonNMethodCodeHeapSize                   = 5839372                                {pd product} {ergonomic}
    uintx NonProfiledCodeHeapSize                  = 122909434                              {pd product} {ergonomic}
    uintx ProfiledCodeHeapSize                     = 122909434                              {pd product} {ergonomic}
    uintx ReservedCodeCacheSize                    = 251658240                              {pd product} {ergonomic}
     bool SegmentedCodeCache                       = true                                      {product} {ergonomic}
   size_t SoftMaxHeapSize                          = 6387924992                             {manageable} {ergonomic}
     bool UseCompressedClassPointers               = true                           {product lp64_product} {ergonomic}
     bool UseCompressedOops                        = true                           {product lp64_product} {ergonomic}
     bool UseG1GC                                  = true                                      {product} {ergonomic}
     bool UseLargePagesIndividualAllocation        = false                                  {pd product} {ergonomic}

Logging:
Log output configuration:
 #0: stdout all=warning uptime,level,tags
 #1: stderr all=off uptime,level,tags

Environment Variables:
PATH=C:\Windows\system32;C:\Windows;C:\Windows\System32\Wbem;C:\Windows\System32\WindowsPowerShell\v1.0\;C:\Windows\System32\OpenSSH\;C:\Program Files\Docker\Docker\resources\bin;C:\Program Files\dotnet\;C:\Program Files (x86)\Microsoft SQL Server\160\DTS\Binn\;C:\Program Files\Azure Data Studio\bin;C:\Program Files\Git\cmd;C:\Users\feluz\AppData\Local\Microsoft\WindowsApps;;C:\Users\feluz\AppData\Local\Programs\Microsoft VS Code\bin;C:\Program Files\JetBrains\IntelliJ IDEA Community Edition 2023.1.2\bin;;C:\Program Files\Azure Data Studio\bin
USERNAME=feluz
OS=Windows_NT
PROCESSOR_IDENTIFIER=Intel64 Family 6 Model 141 Stepping 1, GenuineIntel
TMP=C:\Users\feluz\AppData\Local\Temp
TEMP=C:\Users\feluz\AppData\Local\Temp



---------------  S Y S T E M  ---------------

OS:
 Windows 11 , 64 bit Build 22621 (10.0.22621.1778)
OS uptime: 4 days 8:13 hours
Hyper-V role detected

CPU: total 12 (initial active 12) (6 cores per cpu, 2 threads per core) family 6 model 141 stepping 1 microcode 0x3c, cx8, cmov, fxsr, ht, mmx, 3dnowpref, sse, sse2, sse3, ssse3, sse4.1, sse4.2, popcnt, lzcnt, tsc, tscinvbit, avx, avx2, aes, erms, clmul, bmi1, bmi2, adx, avx512f, avx512dq, avx512cd, avx512bw, avx512vl, sha, fma, vzeroupper, avx512_vpopcntdq, avx512_vpclmulqdq, avx512_vaes, avx512_vnni, clflush, clflushopt, clwb, avx512_vbmi2, avx512_vbmi, hv

Memory: 4k page, system-wide physical 24355M (1371M free)
TotalPageFile size 85309M (AvailPageFile size 88M)
current process WorkingSet (physical memory assigned to process): 11M, peak: 11M
current process commit charge ("private bytes"): 64M, peak: 448M

vm_info: OpenJDK 64-Bit Server VM (17.0.7+7-LTS) for windows-amd64 JRE (17.0.7+7-LTS), built on Apr 14 2023 01:39:21 by "Administrator" with MS VC++ 15.9 (VS2017)

END.
